{"/home/andy/debater/server/src/config/env.ts": {"path":"/home/andy/debater/server/src/config/env.ts","statementMap":{"0":{"start":{"line":1,"column":0},"end":{"line":1,"column":28}},"1":{"start":{"line":2,"column":0},"end":{"line":2,"column":24}},"2":{"start":{"line":4,"column":0},"end":{"line":4,"column":52}},"3":{"start":{"line":7,"column":16},"end":{"line":7,"column":53}},"4":{"start":{"line":8,"column":0},"end":{"line":8,"column":48}},"5":{"start":{"line":10,"column":15},"end":{"line":10,"column":47}},"6":{"start":{"line":11,"column":0},"end":{"line":15,"column":1}},"7":{"start":{"line":12,"column":2},"end":{"line":12,"column":58}},"8":{"start":{"line":14,"column":2},"end":{"line":14,"column":47}},"9":{"start":{"line":25,"column":28},"end":{"line":30,"column":2}},"10":{"start":{"line":33,"column":0},"end":{"line":38,"column":3}},"11":{"start":{"line":41,"column":13},"end":{"line":46,"column":2}},"12":{"start":{"line":49,"column":0},"end":{"line":54,"column":3}},"13":{"start":{"line":57,"column":42},"end":{"line":57,"column":64}},"14":{"start":{"line":58,"column":20},"end":{"line":58,"column":57}},"15":{"start":{"line":58,"column":47},"end":{"line":58,"column":56}},"16":{"start":{"line":60,"column":0},"end":{"line":62,"column":1}},"17":{"start":{"line":61,"column":2},"end":{"line":61,"column":87}},"18":{"start":{"line":65,"column":0},"end":{"line":67,"column":1}},"19":{"start":{"line":66,"column":2},"end":{"line":66,"column":52}},"20":{"start":{"line":69,"column":0},"end":{"line":69,"column":61}}},"fnMap":{"0":{"name":"(anonymous_1)","decl":{"start":{"line":58,"column":40},"end":{"line":58,"column":43}},"loc":{"start":{"line":58,"column":47},"end":{"line":58,"column":56}}}},"branchMap":{"0":{"loc":{"start":{"line":11,"column":0},"end":{"line":15,"column":1}},"type":"if","locations":[{"start":{"line":11,"column":0},"end":{"line":15,"column":1}},{"start":{"line":13,"column":7},"end":{"line":15,"column":1}}]},"1":{"loc":{"start":{"line":42,"column":17},"end":{"line":42,"column":58}},"type":"binary-expr","locations":[{"start":{"line":42,"column":17},"end":{"line":42,"column":33}},{"start":{"line":42,"column":37},"end":{"line":42,"column":58}}]},"2":{"loc":{"start":{"line":43,"column":15},"end":{"line":43,"column":62}},"type":"binary-expr","locations":[{"start":{"line":43,"column":15},"end":{"line":43,"column":38}},{"start":{"line":43,"column":42},"end":{"line":43,"column":62}}]},"3":{"loc":{"start":{"line":44,"column":22},"end":{"line":44,"column":83}},"type":"binary-expr","locations":[{"start":{"line":44,"column":22},"end":{"line":44,"column":52}},{"start":{"line":44,"column":56},"end":{"line":44,"column":83}}]},"4":{"loc":{"start":{"line":45,"column":29},"end":{"line":45,"column":115}},"type":"binary-expr","locations":[{"start":{"line":45,"column":29},"end":{"line":45,"column":77}},{"start":{"line":45,"column":81},"end":{"line":45,"column":115}}]},"5":{"loc":{"start":{"line":60,"column":0},"end":{"line":62,"column":1}},"type":"if","locations":[{"start":{"line":60,"column":0},"end":{"line":62,"column":1}}]},"6":{"loc":{"start":{"line":65,"column":0},"end":{"line":67,"column":1}},"type":"if","locations":[{"start":{"line":65,"column":0},"end":{"line":67,"column":1}}]},"7":{"loc":{"start":{"line":65,"column":4},"end":{"line":65,"column":36}},"type":"binary-expr","locations":[{"start":{"line":65,"column":4},"end":{"line":65,"column":19}},{"start":{"line":65,"column":23},"end":{"line":65,"column":36}}]}},"s":{"0":2,"1":2,"2":2,"3":2,"4":2,"5":2,"6":2,"7":0,"8":2,"9":2,"10":2,"11":2,"12":2,"13":2,"14":2,"15":2,"16":2,"17":0,"18":2,"19":0,"20":2},"f":{"0":2},"b":{"0":[0,2],"1":[2,0],"2":[2,0],"3":[2,0],"4":[2,0],"5":[0],"6":[0],"7":[2,2]}}
,"/home/andy/debater/server/src/routes/debateRoutes.ts": {"path":"/home/andy/debater/server/src/routes/debateRoutes.ts","statementMap":{"0":{"start":{"line":1,"column":0},"end":{"line":1,"column":33}},"1":{"start":{"line":2,"column":0},"end":{"line":2,"column":66}},"2":{"start":{"line":3,"column":0},"end":{"line":3,"column":50}},"3":{"start":{"line":4,"column":0},"end":{"line":4,"column":57}},"4":{"start":{"line":5,"column":0},"end":{"line":5,"column":47}},"5":{"start":{"line":7,"column":15},"end":{"line":7,"column":23}},"6":{"start":{"line":10,"column":19},"end":{"line":14,"column":2}},"7":{"start":{"line":16,"column":0},"end":{"line":16,"column":23}},"8":{"start":{"line":19,"column":0},"end":{"line":42,"column":3}},"9":{"start":{"line":20,"column":2},"end":{"line":41,"column":3}},"10":{"start":{"line":21,"column":4},"end":{"line":21,"column":64}},"11":{"start":{"line":22,"column":22},"end":{"line":27,"column":6}},"12":{"start":{"line":29,"column":4},"end":{"line":35,"column":7}},"13":{"start":{"line":37,"column":4},"end":{"line":37,"column":43}},"14":{"start":{"line":39,"column":4},"end":{"line":39,"column":77}},"15":{"start":{"line":40,"column":4},"end":{"line":40,"column":58}},"16":{"start":{"line":45,"column":0},"end":{"line":69,"column":3}},"17":{"start":{"line":46,"column":2},"end":{"line":68,"column":3}},"18":{"start":{"line":48,"column":4},"end":{"line":48,"column":32}},"19":{"start":{"line":50,"column":4},"end":{"line":50,"column":77}},"20":{"start":{"line":51,"column":32},"end":{"line":51,"column":40}},"21":{"start":{"line":53,"column":4},"end":{"line":57,"column":5}},"22":{"start":{"line":54,"column":20},"end":{"line":54,"column":45}},"23":{"start":{"line":55,"column":6},"end":{"line":55,"column":98}},"24":{"start":{"line":56,"column":6},"end":{"line":56,"column":45}},"25":{"start":{"line":59,"column":18},"end":{"line":59,"column":72}},"26":{"start":{"line":60,"column":4},"end":{"line":60,"column":77}},"27":{"start":{"line":61,"column":4},"end":{"line":61,"column":24}},"28":{"start":{"line":63,"column":4},"end":{"line":63,"column":82}},"29":{"start":{"line":64,"column":4},"end":{"line":67,"column":7}},"30":{"start":{"line":72,"column":0},"end":{"line":89,"column":3}},"31":{"start":{"line":73,"column":2},"end":{"line":88,"column":3}},"32":{"start":{"line":74,"column":4},"end":{"line":74,"column":80}},"33":{"start":{"line":75,"column":49},"end":{"line":75,"column":57}},"34":{"start":{"line":76,"column":21},"end":{"line":78,"column":null}},"35":{"start":{"line":80,"column":4},"end":{"line":80,"column":83}},"36":{"start":{"line":81,"column":4},"end":{"line":81,"column":27}},"37":{"start":{"line":83,"column":4},"end":{"line":83,"column":85}},"38":{"start":{"line":84,"column":4},"end":{"line":87,"column":7}},"39":{"start":{"line":92,"column":0},"end":{"line":132,"column":3}},"40":{"start":{"line":93,"column":2},"end":{"line":131,"column":3}},"41":{"start":{"line":94,"column":4},"end":{"line":94,"column":88}},"42":{"start":{"line":95,"column":77},"end":{"line":95,"column":85}},"43":{"start":{"line":97,"column":4},"end":{"line":103,"column":5}},"44":{"start":{"line":98,"column":20},"end":{"line":98,"column":45}},"45":{"start":{"line":99,"column":6},"end":{"line":101,"column":9}},"46":{"start":{"line":102,"column":6},"end":{"line":102,"column":45}},"47":{"start":{"line":105,"column":4},"end":{"line":112,"column":7}},"48":{"start":{"line":114,"column":18},"end":{"line":120,"column":null}},"49":{"start":{"line":123,"column":4},"end":{"line":123,"column":79}},"50":{"start":{"line":124,"column":4},"end":{"line":124,"column":24}},"51":{"start":{"line":126,"column":4},"end":{"line":126,"column":76}},"52":{"start":{"line":127,"column":4},"end":{"line":130,"column":7}},"53":{"start":{"line":135,"column":0},"end":{"line":149,"column":3}},"54":{"start":{"line":136,"column":2},"end":{"line":148,"column":3}},"55":{"start":{"line":137,"column":4},"end":{"line":137,"column":76}},"56":{"start":{"line":138,"column":39},"end":{"line":138,"column":47}},"57":{"start":{"line":139,"column":17},"end":{"line":139,"column":77}},"58":{"start":{"line":140,"column":4},"end":{"line":140,"column":75}},"59":{"start":{"line":141,"column":4},"end":{"line":141,"column":23}},"60":{"start":{"line":143,"column":4},"end":{"line":143,"column":81}},"61":{"start":{"line":144,"column":4},"end":{"line":147,"column":7}},"62":{"start":{"line":152,"column":0},"end":{"line":171,"column":3}},"63":{"start":{"line":153,"column":2},"end":{"line":170,"column":3}},"64":{"start":{"line":154,"column":4},"end":{"line":154,"column":78}},"65":{"start":{"line":155,"column":54},"end":{"line":155,"column":62}},"66":{"start":{"line":156,"column":23},"end":{"line":160,"column":null}},"67":{"start":{"line":162,"column":4},"end":{"line":162,"column":87}},"68":{"start":{"line":163,"column":4},"end":{"line":163,"column":25}},"69":{"start":{"line":165,"column":4},"end":{"line":165,"column":83}},"70":{"start":{"line":166,"column":4},"end":{"line":169,"column":7}},"71":{"start":{"line":173,"column":0},"end":{"line":173,"column":22}}},"fnMap":{"0":{"name":"(anonymous_1)","decl":{"start":{"line":19,"column":25},"end":{"line":19,"column":30}},"loc":{"start":{"line":19,"column":44},"end":{"line":42,"column":1}}},"1":{"name":"(anonymous_2)","decl":{"start":{"line":45,"column":22},"end":{"line":45,"column":27}},"loc":{"start":{"line":45,"column":41},"end":{"line":69,"column":1}}},"2":{"name":"(anonymous_3)","decl":{"start":{"line":72,"column":25},"end":{"line":72,"column":30}},"loc":{"start":{"line":72,"column":44},"end":{"line":89,"column":1}}},"3":{"name":"(anonymous_4)","decl":{"start":{"line":92,"column":25},"end":{"line":92,"column":30}},"loc":{"start":{"line":92,"column":44},"end":{"line":132,"column":1}}},"4":{"name":"(anonymous_5)","decl":{"start":{"line":135,"column":21},"end":{"line":135,"column":26}},"loc":{"start":{"line":135,"column":40},"end":{"line":149,"column":1}}},"5":{"name":"(anonymous_6)","decl":{"start":{"line":152,"column":32},"end":{"line":152,"column":37}},"loc":{"start":{"line":152,"column":51},"end":{"line":171,"column":1}}}},"branchMap":{"0":{"loc":{"start":{"line":53,"column":4},"end":{"line":57,"column":5}},"type":"if","locations":[{"start":{"line":53,"column":4},"end":{"line":57,"column":5}}]},"1":{"loc":{"start":{"line":53,"column":8},"end":{"line":53,"column":27}},"type":"binary-expr","locations":[{"start":{"line":53,"column":8},"end":{"line":53,"column":17}},{"start":{"line":53,"column":21},"end":{"line":53,"column":27}}]},"2":{"loc":{"start":{"line":66,"column":15},"end":{"line":66,"column":71}},"type":"cond-expr","locations":[{"start":{"line":66,"column":40},"end":{"line":66,"column":53}},{"start":{"line":66,"column":56},"end":{"line":66,"column":71}}]},"3":{"loc":{"start":{"line":86,"column":15},"end":{"line":86,"column":71}},"type":"cond-expr","locations":[{"start":{"line":86,"column":40},"end":{"line":86,"column":53}},{"start":{"line":86,"column":56},"end":{"line":86,"column":71}}]},"4":{"loc":{"start":{"line":97,"column":4},"end":{"line":103,"column":5}},"type":"if","locations":[{"start":{"line":97,"column":4},"end":{"line":103,"column":5}}]},"5":{"loc":{"start":{"line":97,"column":8},"end":{"line":97,"column":84}},"type":"binary-expr","locations":[{"start":{"line":97,"column":8},"end":{"line":97,"column":14}},{"start":{"line":97,"column":18},"end":{"line":97,"column":27}},{"start":{"line":97,"column":31},"end":{"line":97,"column":40}},{"start":{"line":97,"column":44},"end":{"line":97,"column":58}},{"start":{"line":97,"column":62},"end":{"line":97,"column":68}},{"start":{"line":97,"column":72},"end":{"line":97,"column":84}}]},"6":{"loc":{"start":{"line":129,"column":15},"end":{"line":129,"column":71}},"type":"cond-expr","locations":[{"start":{"line":129,"column":40},"end":{"line":129,"column":53}},{"start":{"line":129,"column":56},"end":{"line":129,"column":71}}]},"7":{"loc":{"start":{"line":146,"column":15},"end":{"line":146,"column":71}},"type":"cond-expr","locations":[{"start":{"line":146,"column":40},"end":{"line":146,"column":53}},{"start":{"line":146,"column":56},"end":{"line":146,"column":71}}]},"8":{"loc":{"start":{"line":168,"column":15},"end":{"line":168,"column":71}},"type":"cond-expr","locations":[{"start":{"line":168,"column":40},"end":{"line":168,"column":53}},{"start":{"line":168,"column":56},"end":{"line":168,"column":71}}]}},"s":{"0":1,"1":1,"2":1,"3":1,"4":1,"5":1,"6":1,"7":1,"8":1,"9":0,"10":0,"11":0,"12":0,"13":0,"14":0,"15":0,"16":1,"17":3,"18":3,"19":3,"20":3,"21":3,"22":1,"23":1,"24":1,"25":2,"26":1,"27":1,"28":1,"29":1,"30":1,"31":2,"32":2,"33":2,"34":2,"35":1,"36":1,"37":1,"38":1,"39":1,"40":3,"41":3,"42":3,"43":3,"44":1,"45":1,"46":1,"47":2,"48":2,"49":1,"50":1,"51":1,"52":1,"53":1,"54":0,"55":0,"56":0,"57":0,"58":0,"59":0,"60":0,"61":0,"62":1,"63":0,"64":0,"65":0,"66":0,"67":0,"68":0,"69":0,"70":0,"71":1},"f":{"0":0,"1":3,"2":2,"3":3,"4":0,"5":0},"b":{"0":[1],"1":[3,3],"2":[1,0],"3":[1,0],"4":[1],"5":[3,3,3,2,2,2],"6":[1,0],"7":[0,0],"8":[0,0]}}
,"/home/andy/debater/server/src/services/apiLogger.ts": {"path":"/home/andy/debater/server/src/services/apiLogger.ts","statementMap":{"0":{"start":{"line":1,"column":0},"end":{"line":1,"column":20}},"1":{"start":{"line":2,"column":0},"end":{"line":2,"column":24}},"2":{"start":{"line":3,"column":0},"end":{"line":3,"column":36}},"3":{"start":{"line":54,"column":4},"end":{"line":63,"column":5}},"4":{"start":{"line":55,"column":6},"end":{"line":59,"column":7}},"5":{"start":{"line":56,"column":8},"end":{"line":56,"column":74}},"6":{"start":{"line":57,"column":8},"end":{"line":57,"column":55}},"7":{"start":{"line":58,"column":8},"end":{"line":58,"column":70}},"8":{"start":{"line":61,"column":6},"end":{"line":61,"column":72}},"9":{"start":{"line":62,"column":6},"end":{"line":62,"column":18}},"10":{"start":{"line":67,"column":17},"end":{"line":67,"column":55}},"11":{"start":{"line":68,"column":4},"end":{"line":68,"column":87}},"12":{"start":{"line":72,"column":4},"end":{"line":74,"column":5}},"13":{"start":{"line":73,"column":6},"end":{"line":73,"column":30}},"14":{"start":{"line":76,"column":26},"end":{"line":76,"column":96}},"15":{"start":{"line":76,"column":61},"end":{"line":76,"column":80}},"16":{"start":{"line":78,"column":4},"end":{"line":80,"column":5}},"17":{"start":{"line":79,"column":6},"end":{"line":79,"column":31}},"18":{"start":{"line":81,"column":4},"end":{"line":83,"column":5}},"19":{"start":{"line":82,"column":6},"end":{"line":82,"column":31}},"20":{"start":{"line":84,"column":4},"end":{"line":86,"column":5}},"21":{"start":{"line":85,"column":6},"end":{"line":85,"column":35}},"22":{"start":{"line":87,"column":4},"end":{"line":87,"column":28}},"23":{"start":{"line":91,"column":4},"end":{"line":110,"column":5}},"24":{"start":{"line":92,"column":6},"end":{"line":92,"column":26}},"25":{"start":{"line":93,"column":22},"end":{"line":93,"column":43}},"26":{"start":{"line":94,"column":6},"end":{"line":94,"column":71}},"27":{"start":{"line":97,"column":6},"end":{"line":97,"column":26}},"28":{"start":{"line":100,"column":6},"end":{"line":104,"column":8}},"29":{"start":{"line":106,"column":6},"end":{"line":106,"column":65}},"30":{"start":{"line":108,"column":6},"end":{"line":108,"column":61}},"31":{"start":{"line":109,"column":6},"end":{"line":109,"column":18}},"32":{"start":{"line":114,"column":4},"end":{"line":120,"column":5}},"33":{"start":{"line":115,"column":6},"end":{"line":119,"column":8}},"34":{"start":{"line":122,"column":4},"end":{"line":130,"column":6}},"35":{"start":{"line":134,"column":4},"end":{"line":134,"column":49}},"36":{"start":{"line":135,"column":4},"end":{"line":135,"column":19}},"37":{"start":{"line":136,"column":4},"end":{"line":136,"column":77}},"38":{"start":{"line":140,"column":4},"end":{"line":140,"column":50}},"39":{"start":{"line":143,"column":4},"end":{"line":145,"column":5}},"40":{"start":{"line":144,"column":6},"end":{"line":144,"column":29}},"41":{"start":{"line":147,"column":22},"end":{"line":147,"column":30}},"42":{"start":{"line":148,"column":25},"end":{"line":148,"column":57}},"43":{"start":{"line":150,"column":24},"end":{"line":163,"column":6}},"44":{"start":{"line":165,"column":4},"end":{"line":165,"column":29}},"45":{"start":{"line":166,"column":4},"end":{"line":166,"column":21}},"46":{"start":{"line":170,"column":4},"end":{"line":170,"column":51}},"47":{"start":{"line":173,"column":20},"end":{"line":173,"column":96}},"48":{"start":{"line":173,"column":42},"end":{"line":173,"column":95}},"49":{"start":{"line":174,"column":25},"end":{"line":174,"column":66}},"50":{"start":{"line":176,"column":24},"end":{"line":184,"column":6}},"51":{"start":{"line":186,"column":4},"end":{"line":186,"column":29}},"52":{"start":{"line":48,"column":0},"end":{"line":48,"column":13}},"53":{"start":{"line":49,"column":17},"end":{"line":49,"column":70}},"54":{"start":{"line":50,"column":17},"end":{"line":50,"column":47}},"55":{"start":{"line":51,"column":17},"end":{"line":51,"column":37}}},"fnMap":{"0":{"name":"(anonymous_1)","decl":{"start":{"line":53,"column":10},"end":{"line":53,"column":16}},"loc":{"start":{"line":53,"column":29},"end":{"line":64,"column":3}}},"1":{"name":"(anonymous_2)","decl":{"start":{"line":66,"column":10},"end":{"line":66,"column":16}},"loc":{"start":{"line":66,"column":31},"end":{"line":69,"column":3}}},"2":{"name":"(anonymous_3)","decl":{"start":{"line":71,"column":10},"end":{"line":71,"column":16}},"loc":{"start":{"line":71,"column":59},"end":{"line":88,"column":3}}},"3":{"name":"(anonymous_4)","decl":{"start":{"line":76,"column":45},"end":{"line":76,"column":46}},"loc":{"start":{"line":76,"column":61},"end":{"line":76,"column":80}}},"4":{"name":"(anonymous_5)","decl":{"start":{"line":90,"column":10},"end":{"line":90,"column":16}},"loc":{"start":{"line":90,"column":43},"end":{"line":111,"column":3}}},"5":{"name":"(anonymous_6)","decl":{"start":{"line":113,"column":10},"end":{"line":113,"column":16}},"loc":{"start":{"line":113,"column":40},"end":{"line":131,"column":3}}},"6":{"name":"(anonymous_7)","decl":{"start":{"line":133,"column":2},"end":{"line":133,"column":8}},"loc":{"start":{"line":133,"column":24},"end":{"line":137,"column":3}}},"7":{"name":"(anonymous_8)","decl":{"start":{"line":139,"column":2},"end":{"line":139,"column":8}},"loc":{"start":{"line":139,"column":80},"end":{"line":167,"column":3}}},"8":{"name":"(anonymous_9)","decl":{"start":{"line":169,"column":2},"end":{"line":169,"column":8}},"loc":{"start":{"line":169,"column":89},"end":{"line":187,"column":3}}},"9":{"name":"(anonymous_10)","decl":{"start":{"line":173,"column":35},"end":{"line":173,"column":38}},"loc":{"start":{"line":173,"column":42},"end":{"line":173,"column":95}}}},"branchMap":{"0":{"loc":{"start":{"line":55,"column":6},"end":{"line":59,"column":7}},"type":"if","locations":[{"start":{"line":55,"column":6},"end":{"line":59,"column":7}}]},"1":{"loc":{"start":{"line":72,"column":4},"end":{"line":74,"column":5}},"type":"if","locations":[{"start":{"line":72,"column":4},"end":{"line":74,"column":5}}]},"2":{"loc":{"start":{"line":72,"column":8},"end":{"line":72,"column":55}},"type":"binary-expr","locations":[{"start":{"line":72,"column":8},"end":{"line":72,"column":22}},{"start":{"line":72,"column":26},"end":{"line":72,"column":55}}]},"3":{"loc":{"start":{"line":76,"column":26},"end":{"line":76,"column":96}},"type":"binary-expr","locations":[{"start":{"line":76,"column":26},"end":{"line":76,"column":90}},{"start":{"line":76,"column":94},"end":{"line":76,"column":96}}]},"4":{"loc":{"start":{"line":78,"column":4},"end":{"line":80,"column":5}},"type":"if","locations":[{"start":{"line":78,"column":4},"end":{"line":80,"column":5}}]},"5":{"loc":{"start":{"line":78,"column":8},"end":{"line":78,"column":109}},"type":"binary-expr","locations":[{"start":{"line":78,"column":8},"end":{"line":78,"column":65}},{"start":{"line":78,"column":69},"end":{"line":78,"column":109}}]},"6":{"loc":{"start":{"line":81,"column":4},"end":{"line":83,"column":5}},"type":"if","locations":[{"start":{"line":81,"column":4},"end":{"line":83,"column":5}}]},"7":{"loc":{"start":{"line":81,"column":8},"end":{"line":81,"column":114}},"type":"binary-expr","locations":[{"start":{"line":81,"column":8},"end":{"line":81,"column":49}},{"start":{"line":81,"column":53},"end":{"line":81,"column":114}}]},"8":{"loc":{"start":{"line":84,"column":4},"end":{"line":86,"column":5}},"type":"if","locations":[{"start":{"line":84,"column":4},"end":{"line":86,"column":5}}]},"9":{"loc":{"start":{"line":84,"column":8},"end":{"line":84,"column":159}},"type":"binary-expr","locations":[{"start":{"line":84,"column":8},"end":{"line":84,"column":45}},{"start":{"line":84,"column":49},"end":{"line":84,"column":98}},{"start":{"line":84,"column":102},"end":{"line":84,"column":159}}]},"10":{"loc":{"start":{"line":114,"column":4},"end":{"line":120,"column":5}},"type":"if","locations":[{"start":{"line":114,"column":4},"end":{"line":120,"column":5}}]},"11":{"loc":{"start":{"line":124,"column":15},"end":{"line":124,"column":95}},"type":"binary-expr","locations":[{"start":{"line":124,"column":15},"end":{"line":124,"column":56}},{"start":{"line":124,"column":60},"end":{"line":124,"column":89}},{"start":{"line":124,"column":93},"end":{"line":124,"column":95}}]},"12":{"loc":{"start":{"line":143,"column":4},"end":{"line":145,"column":5}},"type":"if","locations":[{"start":{"line":143,"column":4},"end":{"line":145,"column":5}}]},"13":{"loc":{"start":{"line":173,"column":42},"end":{"line":173,"column":95}},"type":"binary-expr","locations":[{"start":{"line":173,"column":42},"end":{"line":173,"column":69}},{"start":{"line":173,"column":73},"end":{"line":173,"column":95}}]},"14":{"loc":{"start":{"line":174,"column":25},"end":{"line":174,"column":66}},"type":"binary-expr","locations":[{"start":{"line":174,"column":25},"end":{"line":174,"column":46}},{"start":{"line":174,"column":50},"end":{"line":174,"column":66}}]}},"s":{"0":3,"1":3,"2":3,"3":5,"4":5,"5":1,"6":1,"7":1,"8":0,"9":0,"10":5,"11":5,"12":2,"13":0,"14":2,"15":2,"16":2,"17":0,"18":2,"19":0,"20":2,"21":0,"22":2,"23":5,"24":5,"25":5,"26":5,"27":5,"28":5,"29":3,"30":2,"31":2,"32":3,"33":0,"34":3,"35":7,"36":7,"37":7,"38":2,"39":2,"40":0,"41":2,"42":2,"43":2,"44":2,"45":1,"46":3,"47":3,"48":0,"49":3,"50":3,"51":3,"52":3,"53":3,"54":3,"55":3},"f":{"0":5,"1":5,"2":2,"3":2,"4":5,"5":3,"6":7,"7":2,"8":3,"9":0},"b":{"0":[1],"1":[0],"2":[2,2],"3":[2,0],"4":[0],"5":[2,2],"6":[0],"7":[2,2],"8":[0],"9":[2,2,2],"10":[0],"11":[3,1,1],"12":[0],"13":[0,0],"14":[3,3]}}
,"/home/andy/debater/server/src/services/openRouterService.ts": {"path":"/home/andy/debater/server/src/services/openRouterService.ts","statementMap":{"0":{"start":{"line":1,"column":0},"end":{"line":1,"column":26}},"1":{"start":{"line":2,"column":0},"end":{"line":2,"column":36}},"2":{"start":{"line":3,"column":0},"end":{"line":3,"column":40}},"3":{"start":{"line":4,"column":0},"end":{"line":4,"column":57}},"4":{"start":{"line":6,"column":16},"end":{"line":6,"column":63}},"5":{"start":{"line":8,"column":16},"end":{"line":13,"column":2}},"6":{"start":{"line":31,"column":23},"end":{"line":31,"column":24}},"7":{"start":{"line":32,"column":23},"end":{"line":32,"column":27}},"8":{"start":{"line":34,"column":4},"end":{"line":96,"column":5}},"9":{"start":{"line":34,"column":23},"end":{"line":34,"column":24}},"10":{"start":{"line":35,"column":6},"end":{"line":95,"column":7}},"11":{"start":{"line":37,"column":31},"end":{"line":41,"column":52}},"12":{"start":{"line":37,"column":52},"end":{"line":41,"column":10}},"13":{"start":{"line":41,"column":26},"end":{"line":41,"column":51}},"14":{"start":{"line":43,"column":28},"end":{"line":48,"column":10}},"15":{"start":{"line":50,"column":8},"end":{"line":50,"column":87}},"16":{"start":{"line":52,"column":26},"end":{"line":58,"column":10}},"17":{"start":{"line":60,"column":25},"end":{"line":63,"column":null}},"18":{"start":{"line":66,"column":8},"end":{"line":69,"column":11}},"19":{"start":{"line":71,"column":8},"end":{"line":76,"column":11}},"20":{"start":{"line":79,"column":24},"end":{"line":79,"column":69}},"21":{"start":{"line":80,"column":8},"end":{"line":84,"column":9}},"22":{"start":{"line":81,"column":26},"end":{"line":81,"column":75}},"23":{"start":{"line":82,"column":10},"end":{"line":82,"column":62}},"24":{"start":{"line":83,"column":10},"end":{"line":83,"column":20}},"25":{"start":{"line":86,"column":8},"end":{"line":86,"column":30}},"26":{"start":{"line":88,"column":8},"end":{"line":88,"column":93}},"27":{"start":{"line":90,"column":8},"end":{"line":94,"column":9}},"28":{"start":{"line":91,"column":10},"end":{"line":91,"column":72}},"29":{"start":{"line":91,"column":39},"end":{"line":91,"column":70}},"30":{"start":{"line":93,"column":10},"end":{"line":93,"column":98}},"31":{"start":{"line":98,"column":4},"end":{"line":98,"column":62}},"32":{"start":{"line":102,"column":4},"end":{"line":102,"column":73}},"33":{"start":{"line":103,"column":21},"end":{"line":112,"column":6}},"34":{"start":{"line":114,"column":4},"end":{"line":114,"column":52}},"35":{"start":{"line":125,"column":4},"end":{"line":132,"column":7}},"36":{"start":{"line":134,"column":43},"end":{"line":136,"column":45}},"37":{"start":{"line":138,"column":43},"end":{"line":140,"column":54}},"38":{"start":{"line":142,"column":26},"end":{"line":188,"column":6}},"39":{"start":{"line":190,"column":24},"end":{"line":190,"column":52}},"40":{"start":{"line":192,"column":4},"end":{"line":195,"column":7}},"41":{"start":{"line":197,"column":4},"end":{"line":222,"column":5}},"42":{"start":{"line":198,"column":23},"end":{"line":198,"column":72}},"43":{"start":{"line":199,"column":6},"end":{"line":199,"column":76}},"44":{"start":{"line":201,"column":23},"end":{"line":201,"column":41}},"45":{"start":{"line":202,"column":6},"end":{"line":208,"column":7}},"46":{"start":{"line":203,"column":8},"end":{"line":206,"column":11}},"47":{"start":{"line":207,"column":8},"end":{"line":207,"column":84}},"48":{"start":{"line":210,"column":27},"end":{"line":210,"column":63}},"49":{"start":{"line":211,"column":6},"end":{"line":216,"column":9}},"50":{"start":{"line":218,"column":6},"end":{"line":218,"column":26}},"51":{"start":{"line":220,"column":6},"end":{"line":220,"column":65}},"52":{"start":{"line":221,"column":6},"end":{"line":221,"column":82}},"53":{"start":{"line":226,"column":21},"end":{"line":235,"column":6}},"54":{"start":{"line":237,"column":4},"end":{"line":237,"column":52}},"55":{"start":{"line":241,"column":21},"end":{"line":250,"column":6}},"56":{"start":{"line":252,"column":4},"end":{"line":252,"column":52}},"57":{"start":{"line":29,"column":0},"end":{"line":29,"column":13}}},"fnMap":{"0":{"name":"(anonymous_1)","decl":{"start":{"line":30,"column":2},"end":{"line":30,"column":8}},"loc":{"start":{"line":30,"column":68},"end":{"line":99,"column":3}}},"1":{"name":"(anonymous_2)","decl":{"start":{"line":37,"column":44},"end":{"line":37,"column":47}},"loc":{"start":{"line":37,"column":52},"end":{"line":41,"column":10}}},"2":{"name":"(anonymous_3)","decl":{"start":{"line":41,"column":19},"end":{"line":41,"column":22}},"loc":{"start":{"line":41,"column":26},"end":{"line":41,"column":51}}},"3":{"name":"(anonymous_4)","decl":{"start":{"line":91,"column":28},"end":{"line":91,"column":35}},"loc":{"start":{"line":91,"column":39},"end":{"line":91,"column":70}}},"4":{"name":"(anonymous_5)","decl":{"start":{"line":101,"column":2},"end":{"line":101,"column":8}},"loc":{"start":{"line":101,"column":60},"end":{"line":115,"column":3}}},"5":{"name":"(anonymous_6)","decl":{"start":{"line":117,"column":2},"end":{"line":117,"column":8}},"loc":{"start":{"line":123,"column":36},"end":{"line":223,"column":3}}},"6":{"name":"(anonymous_7)","decl":{"start":{"line":225,"column":2},"end":{"line":225,"column":8}},"loc":{"start":{"line":225,"column":74},"end":{"line":238,"column":3}}},"7":{"name":"(anonymous_8)","decl":{"start":{"line":240,"column":2},"end":{"line":240,"column":8}},"loc":{"start":{"line":240,"column":101},"end":{"line":253,"column":3}}}},"branchMap":{"0":{"loc":{"start":{"line":38,"column":16},"end":{"line":39,"column":80}},"type":"cond-expr","locations":[{"start":{"line":38,"column":42},"end":{"line":38,"column":53}},{"start":{"line":39,"column":16},"end":{"line":39,"column":80}}]},"1":{"loc":{"start":{"line":39,"column":16},"end":{"line":39,"column":80}},"type":"cond-expr","locations":[{"start":{"line":39,"column":63},"end":{"line":39,"column":71}},{"start":{"line":39,"column":74},"end":{"line":39,"column":80}}]},"2":{"loc":{"start":{"line":39,"column":16},"end":{"line":39,"column":60}},"type":"binary-expr","locations":[{"start":{"line":39,"column":16},"end":{"line":39,"column":35}},{"start":{"line":39,"column":39},"end":{"line":39,"column":60}}]},"3":{"loc":{"start":{"line":80,"column":8},"end":{"line":84,"column":9}},"type":"if","locations":[{"start":{"line":80,"column":8},"end":{"line":84,"column":9}}]},"4":{"loc":{"start":{"line":90,"column":8},"end":{"line":94,"column":9}},"type":"if","locations":[{"start":{"line":90,"column":8},"end":{"line":94,"column":9}},{"start":{"line":92,"column":15},"end":{"line":94,"column":9}}]},"5":{"loc":{"start":{"line":134,"column":43},"end":{"line":136,"column":45}},"type":"cond-expr","locations":[{"start":{"line":135,"column":10},"end":{"line":135,"column":45}},{"start":{"line":136,"column":10},"end":{"line":136,"column":45}}]},"6":{"loc":{"start":{"line":138,"column":43},"end":{"line":140,"column":54}},"type":"cond-expr","locations":[{"start":{"line":139,"column":10},"end":{"line":139,"column":54}},{"start":{"line":140,"column":10},"end":{"line":140,"column":54}}]},"7":{"loc":{"start":{"line":202,"column":6},"end":{"line":208,"column":7}},"type":"if","locations":[{"start":{"line":202,"column":6},"end":{"line":208,"column":7}}]},"8":{"loc":{"start":{"line":207,"column":15},"end":{"line":207,"column":83}},"type":"cond-expr","locations":[{"start":{"line":207,"column":40},"end":{"line":207,"column":58}},{"start":{"line":207,"column":61},"end":{"line":207,"column":83}}]},"9":{"loc":{"start":{"line":215,"column":23},"end":{"line":215,"column":91}},"type":"cond-expr","locations":[{"start":{"line":215,"column":48},"end":{"line":215,"column":66}},{"start":{"line":215,"column":69},"end":{"line":215,"column":91}}]},"10":{"loc":{"start":{"line":221,"column":13},"end":{"line":221,"column":81}},"type":"cond-expr","locations":[{"start":{"line":221,"column":38},"end":{"line":221,"column":56}},{"start":{"line":221,"column":59},"end":{"line":221,"column":81}}]}},"s":{"0":2,"1":2,"2":2,"3":2,"4":2,"5":2,"6":4,"7":4,"8":4,"9":4,"10":7,"11":7,"12":14,"13":14,"14":7,"15":7,"16":7,"17":7,"18":3,"19":3,"20":3,"21":3,"22":1,"23":1,"24":1,"25":2,"26":4,"27":4,"28":3,"29":3,"30":1,"31":0,"32":1,"33":1,"34":1,"35":3,"36":3,"37":3,"38":3,"39":3,"40":3,"41":3,"42":3,"43":3,"44":3,"45":3,"46":1,"47":1,"48":2,"49":2,"50":2,"51":0,"52":0,"53":0,"54":0,"55":0,"56":0,"57":2},"f":{"0":4,"1":14,"2":14,"3":3,"4":1,"5":3,"6":0,"7":0},"b":{"0":[0,14],"1":[14,0],"2":[14,7],"3":[1],"4":[3,1],"5":[3,0],"6":[3,0],"7":[1],"8":[1,0],"9":[2,0],"10":[0,0]}}
,"/home/andy/debater/server/src/utils/diagnosticLogger.ts": {"path":"/home/andy/debater/server/src/utils/diagnosticLogger.ts","statementMap":{"0":{"start":{"line":1,"column":0},"end":{"line":1,"column":20}},"1":{"start":{"line":2,"column":0},"end":{"line":2,"column":24}},"2":{"start":{"line":9,"column":4},"end":{"line":9,"column":52}},"3":{"start":{"line":10,"column":4},"end":{"line":10,"column":61}},"4":{"start":{"line":11,"column":4},"end":{"line":11,"column":48}},"5":{"start":{"line":13,"column":4},"end":{"line":16,"column":5}},"6":{"start":{"line":14,"column":6},"end":{"line":14,"column":52}},"7":{"start":{"line":15,"column":6},"end":{"line":15,"column":13}},"8":{"start":{"line":18,"column":4},"end":{"line":38,"column":5}},"9":{"start":{"line":20,"column":18},"end":{"line":20,"column":44}},"10":{"start":{"line":21,"column":6},"end":{"line":24,"column":7}},"11":{"start":{"line":22,"column":8},"end":{"line":22,"column":52}},"12":{"start":{"line":23,"column":8},"end":{"line":23,"column":47}},"13":{"start":{"line":27,"column":6},"end":{"line":30,"column":7}},"14":{"start":{"line":28,"column":8},"end":{"line":28,"column":50}},"15":{"start":{"line":29,"column":8},"end":{"line":29,"column":43}},"16":{"start":{"line":33,"column":24},"end":{"line":33,"column":48}},"17":{"start":{"line":34,"column":6},"end":{"line":34,"column":88}},"18":{"start":{"line":35,"column":6},"end":{"line":35,"column":65}},"19":{"start":{"line":37,"column":6},"end":{"line":37,"column":71}},"20":{"start":{"line":42,"column":4},"end":{"line":42,"column":30}},"21":{"start":{"line":42,"column":23},"end":{"line":42,"column":30}},"22":{"start":{"line":44,"column":4},"end":{"line":50,"column":5}},"23":{"start":{"line":45,"column":24},"end":{"line":45,"column":48}},"24":{"start":{"line":46,"column":25},"end":{"line":46,"column":54}},"25":{"start":{"line":47,"column":6},"end":{"line":47,"column":50}},"26":{"start":{"line":49,"column":6},"end":{"line":49,"column":65}},"27":{"start":{"line":54,"column":4},"end":{"line":54,"column":30}},"28":{"start":{"line":54,"column":23},"end":{"line":54,"column":30}},"29":{"start":{"line":56,"column":4},"end":{"line":70,"column":5}},"30":{"start":{"line":58,"column":18},"end":{"line":58,"column":44}},"31":{"start":{"line":59,"column":6},"end":{"line":61,"column":7}},"32":{"start":{"line":60,"column":8},"end":{"line":60,"column":58}},"33":{"start":{"line":63,"column":24},"end":{"line":63,"column":48}},"34":{"start":{"line":64,"column":25},"end":{"line":64,"column":54}},"35":{"start":{"line":65,"column":6},"end":{"line":65,"column":61}},"36":{"start":{"line":67,"column":6},"end":{"line":67,"column":65}},"37":{"start":{"line":69,"column":6},"end":{"line":69,"column":108}},"38":{"start":{"line":74,"column":4},"end":{"line":74,"column":30}},"39":{"start":{"line":74,"column":23},"end":{"line":74,"column":30}},"40":{"start":{"line":76,"column":21},"end":{"line":76,"column":28}},"41":{"start":{"line":77,"column":4},"end":{"line":84,"column":5}},"42":{"start":{"line":78,"column":6},"end":{"line":83,"column":7}},"43":{"start":{"line":79,"column":8},"end":{"line":79,"column":65}},"44":{"start":{"line":81,"column":8},"end":{"line":81,"column":58}},"45":{"start":{"line":82,"column":8},"end":{"line":82,"column":61}},"46":{"start":{"line":87,"column":4},"end":{"line":93,"column":5}},"47":{"start":{"line":88,"column":6},"end":{"line":88,"column":38}},"48":{"start":{"line":90,"column":6},"end":{"line":92,"column":9}},"49":{"start":{"line":91,"column":8},"end":{"line":91,"column":54}},"50":{"start":{"line":97,"column":4},"end":{"line":97,"column":30}},"51":{"start":{"line":97,"column":23},"end":{"line":97,"column":30}},"52":{"start":{"line":99,"column":21},"end":{"line":99,"column":42}},"53":{"start":{"line":100,"column":4},"end":{"line":107,"column":5}},"54":{"start":{"line":101,"column":6},"end":{"line":106,"column":7}},"55":{"start":{"line":102,"column":8},"end":{"line":102,"column":65}},"56":{"start":{"line":104,"column":8},"end":{"line":104,"column":58}},"57":{"start":{"line":105,"column":8},"end":{"line":105,"column":65}},"58":{"start":{"line":109,"column":4},"end":{"line":113,"column":7}},"59":{"start":{"line":110,"column":6},"end":{"line":110,"column":57}},"60":{"start":{"line":112,"column":6},"end":{"line":112,"column":38}},"61":{"start":{"line":117,"column":4},"end":{"line":117,"column":30}},"62":{"start":{"line":117,"column":23},"end":{"line":117,"column":30}},"63":{"start":{"line":119,"column":21},"end":{"line":119,"column":40}},"64":{"start":{"line":120,"column":4},"end":{"line":130,"column":5}},"65":{"start":{"line":121,"column":6},"end":{"line":129,"column":7}},"66":{"start":{"line":122,"column":8},"end":{"line":122,"column":73}},"67":{"start":{"line":124,"column":8},"end":{"line":128,"column":9}},"68":{"start":{"line":125,"column":10},"end":{"line":125,"column":74}},"69":{"start":{"line":127,"column":10},"end":{"line":127,"column":72}},"70":{"start":{"line":132,"column":4},"end":{"line":136,"column":7}},"71":{"start":{"line":133,"column":6},"end":{"line":133,"column":55}},"72":{"start":{"line":135,"column":6},"end":{"line":135,"column":38}},"73":{"start":{"line":140,"column":4},"end":{"line":140,"column":30}},"74":{"start":{"line":140,"column":23},"end":{"line":140,"column":30}},"75":{"start":{"line":142,"column":4},"end":{"line":149,"column":5}},"76":{"start":{"line":143,"column":6},"end":{"line":146,"column":7}},"77":{"start":{"line":144,"column":8},"end":{"line":144,"column":47}},"78":{"start":{"line":145,"column":8},"end":{"line":145,"column":51}},"79":{"start":{"line":148,"column":6},"end":{"line":148,"column":62}},"80":{"start":{"line":5,"column":17},"end":{"line":5,"column":89}},"81":{"start":{"line":6,"column":17},"end":{"line":6,"column":76}},"82":{"start":{"line":153,"column":0},"end":{"line":153,"column":32}}},"fnMap":{"0":{"name":"(anonymous_1)","decl":{"start":{"line":8,"column":2},"end":{"line":8,"column":8}},"loc":{"start":{"line":8,"column":19},"end":{"line":39,"column":3}}},"1":{"name":"(anonymous_2)","decl":{"start":{"line":41,"column":10},"end":{"line":41,"column":16}},"loc":{"start":{"line":41,"column":47},"end":{"line":51,"column":3}}},"2":{"name":"(anonymous_3)","decl":{"start":{"line":53,"column":10},"end":{"line":53,"column":16}},"loc":{"start":{"line":53,"column":49},"end":{"line":71,"column":3}}},"3":{"name":"(anonymous_4)","decl":{"start":{"line":73,"column":2},"end":{"line":73,"column":8}},"loc":{"start":{"line":73,"column":40},"end":{"line":94,"column":3}}},"4":{"name":"(anonymous_5)","decl":{"start":{"line":90,"column":40},"end":{"line":90,"column":45}},"loc":{"start":{"line":90,"column":48},"end":{"line":92,"column":7}}},"5":{"name":"(anonymous_6)","decl":{"start":{"line":96,"column":2},"end":{"line":96,"column":8}},"loc":{"start":{"line":96,"column":41},"end":{"line":114,"column":3}}},"6":{"name":"(anonymous_7)","decl":{"start":{"line":109,"column":38},"end":{"line":109,"column":43}},"loc":{"start":{"line":109,"column":46},"end":{"line":113,"column":5}}},"7":{"name":"(anonymous_8)","decl":{"start":{"line":116,"column":2},"end":{"line":116,"column":8}},"loc":{"start":{"line":116,"column":42},"end":{"line":137,"column":3}}},"8":{"name":"(anonymous_9)","decl":{"start":{"line":132,"column":38},"end":{"line":132,"column":43}},"loc":{"start":{"line":132,"column":46},"end":{"line":136,"column":5}}},"9":{"name":"(anonymous_10)","decl":{"start":{"line":139,"column":2},"end":{"line":139,"column":8}},"loc":{"start":{"line":139,"column":20},"end":{"line":150,"column":3}}}},"branchMap":{"0":{"loc":{"start":{"line":13,"column":4},"end":{"line":16,"column":5}},"type":"if","locations":[{"start":{"line":13,"column":4},"end":{"line":16,"column":5}}]},"1":{"loc":{"start":{"line":21,"column":6},"end":{"line":24,"column":7}},"type":"if","locations":[{"start":{"line":21,"column":6},"end":{"line":24,"column":7}}]},"2":{"loc":{"start":{"line":27,"column":6},"end":{"line":30,"column":7}},"type":"if","locations":[{"start":{"line":27,"column":6},"end":{"line":30,"column":7}}]},"3":{"loc":{"start":{"line":42,"column":4},"end":{"line":42,"column":30}},"type":"if","locations":[{"start":{"line":42,"column":4},"end":{"line":42,"column":30}}]},"4":{"loc":{"start":{"line":54,"column":4},"end":{"line":54,"column":30}},"type":"if","locations":[{"start":{"line":54,"column":4},"end":{"line":54,"column":30}}]},"5":{"loc":{"start":{"line":59,"column":6},"end":{"line":61,"column":7}},"type":"if","locations":[{"start":{"line":59,"column":6},"end":{"line":61,"column":7}}]},"6":{"loc":{"start":{"line":69,"column":48},"end":{"line":69,"column":104}},"type":"cond-expr","locations":[{"start":{"line":69,"column":73},"end":{"line":69,"column":86}},{"start":{"line":69,"column":89},"end":{"line":69,"column":104}}]},"7":{"loc":{"start":{"line":74,"column":4},"end":{"line":74,"column":30}},"type":"if","locations":[{"start":{"line":74,"column":4},"end":{"line":74,"column":30}}]},"8":{"loc":{"start":{"line":77,"column":4},"end":{"line":84,"column":5}},"type":"if","locations":[{"start":{"line":77,"column":4},"end":{"line":84,"column":5}}]},"9":{"loc":{"start":{"line":87,"column":4},"end":{"line":93,"column":5}},"type":"if","locations":[{"start":{"line":87,"column":4},"end":{"line":93,"column":5}},{"start":{"line":89,"column":11},"end":{"line":93,"column":5}}]},"10":{"loc":{"start":{"line":87,"column":8},"end":{"line":87,"column":78}},"type":"binary-expr","locations":[{"start":{"line":87,"column":8},"end":{"line":87,"column":43}},{"start":{"line":87,"column":47},"end":{"line":87,"column":78}}]},"11":{"loc":{"start":{"line":97,"column":4},"end":{"line":97,"column":30}},"type":"if","locations":[{"start":{"line":97,"column":4},"end":{"line":97,"column":30}}]},"12":{"loc":{"start":{"line":100,"column":4},"end":{"line":107,"column":5}},"type":"if","locations":[{"start":{"line":100,"column":4},"end":{"line":107,"column":5}}]},"13":{"loc":{"start":{"line":117,"column":4},"end":{"line":117,"column":30}},"type":"if","locations":[{"start":{"line":117,"column":4},"end":{"line":117,"column":30}}]},"14":{"loc":{"start":{"line":120,"column":4},"end":{"line":130,"column":5}},"type":"if","locations":[{"start":{"line":120,"column":4},"end":{"line":130,"column":5}}]},"15":{"loc":{"start":{"line":121,"column":6},"end":{"line":129,"column":7}},"type":"if","locations":[{"start":{"line":121,"column":6},"end":{"line":129,"column":7}},{"start":{"line":123,"column":13},"end":{"line":129,"column":7}}]},"16":{"loc":{"start":{"line":140,"column":4},"end":{"line":140,"column":30}},"type":"if","locations":[{"start":{"line":140,"column":4},"end":{"line":140,"column":30}}]},"17":{"loc":{"start":{"line":143,"column":6},"end":{"line":146,"column":7}},"type":"if","locations":[{"start":{"line":143,"column":6},"end":{"line":146,"column":7}}]}},"s":{"0":2,"1":2,"2":0,"3":0,"4":0,"5":0,"6":0,"7":0,"8":0,"9":0,"10":0,"11":0,"12":0,"13":0,"14":0,"15":0,"16":0,"17":0,"18":0,"19":0,"20":0,"21":0,"22":0,"23":0,"24":0,"25":0,"26":0,"27":0,"28":0,"29":0,"30":0,"31":0,"32":0,"33":0,"34":0,"35":0,"36":0,"37":0,"38":0,"39":0,"40":0,"41":0,"42":0,"43":0,"44":0,"45":0,"46":0,"47":0,"48":0,"49":0,"50":0,"51":0,"52":0,"53":0,"54":0,"55":0,"56":0,"57":0,"58":0,"59":0,"60":0,"61":0,"62":0,"63":0,"64":0,"65":0,"66":0,"67":0,"68":0,"69":0,"70":0,"71":0,"72":0,"73":0,"74":0,"75":0,"76":0,"77":0,"78":0,"79":0,"80":2,"81":2,"82":2},"f":{"0":0,"1":0,"2":0,"3":0,"4":0,"5":0,"6":0,"7":0,"8":0,"9":0},"b":{"0":[0],"1":[0],"2":[0],"3":[0],"4":[0],"5":[0],"6":[0,0],"7":[0],"8":[0],"9":[0,0],"10":[0,0],"11":[0],"12":[0],"13":[0],"14":[0],"15":[0,0],"16":[0],"17":[0]}}
}
