TN:
SF:src/services/conversationRecorder.ts
FN:57,(anonymous_1)
FN:69,(anonymous_2)
FN:74,(anonymous_3)
FN:93,(anonymous_4)
FN:112,(anonymous_5)
FN:133,(anonymous_6)
FN:154,(anonymous_7)
FN:163,(anonymous_8)
FN:196,(anonymous_9)
FN:205,(anonymous_10)
FNF:10
FNH:10
FNDA:3,(anonymous_1)
FNDA:3,(anonymous_2)
FNDA:3,(anonymous_3)
FNDA:12,(anonymous_4)
FNDA:5,(anonymous_5)
FNDA:5,(anonymous_6)
FNDA:10,(anonymous_7)
FNDA:6,(anonymous_8)
FNDA:5,(anonymous_9)
FNDA:2,(anonymous_10)
DA:1,1
DA:2,1
DA:3,1
DA:4,1
DA:5,1
DA:6,1
DA:53,1
DA:54,1
DA:55,1
DA:58,3
DA:59,3
DA:60,3
DA:61,3
DA:64,0
DA:65,0
DA:70,3
DA:71,3
DA:75,3
DA:76,0
DA:79,3
DA:80,3
DA:81,3
DA:82,3
DA:84,3
DA:85,3
DA:86,2
DA:88,1
DA:89,1
DA:94,12
DA:95,12
DA:96,11
DA:98,11
DA:105,11
DA:107,1
DA:108,1
DA:113,5
DA:114,5
DA:115,1
DA:118,4
DA:125,4
DA:126,4
DA:128,1
DA:129,1
DA:134,5
DA:135,5
DA:136,1
DA:139,4
DA:146,4
DA:147,4
DA:149,1
DA:150,1
DA:155,10
DA:156,10
DA:157,1
DA:160,9
DA:162,9
DA:163,6
DA:165,9
DA:169,9
DA:170,9
DA:173,9
DA:182,9
DA:183,3
DA:187,8
DA:188,8
DA:189,8
DA:191,2
DA:192,2
DA:197,5
DA:199,5
DA:200,1
DA:204,4
DA:205,3
DA:207,3
DA:208,1
DA:209,1
DA:212,2
DA:213,2
DA:216,2
DA:217,2
DA:219,1
DA:220,1
DA:223,1
DA:224,1
DA:226,2
DA:227,2
LF:86
LH:83
BRDA:59,0,0,3
BRDA:75,1,0,0
BRDA:114,2,0,1
BRDA:135,3,0,1
BRDA:156,4,0,1
BRDA:165,5,0,4
BRDA:165,5,1,5
BRDA:182,6,0,3
BRDA:199,7,0,1
BRDA:207,8,0,1
BRDA:220,9,0,1
BRDA:220,9,1,0
BRF:12
BRH:10
end_of_record
