TN:
SF:src/services/conversationRecorder.ts
FN:57,(anonymous_1)
FN:73,(anonymous_2)
FN:78,(anonymous_3)
FN:80,(anonymous_4)
FN:85,(anonymous_5)
FN:89,(anonymous_6)
FN:102,(anonymous_7)
FN:125,(anonymous_8)
FN:147,(anonymous_9)
FN:169,(anonymous_10)
FN:191,(anonymous_11)
FN:200,(anonymous_12)
FN:228,(anonymous_13)
FN:235,(anonymous_14)
FNF:14
FNH:14
FNDA:46,(anonymous_1)
FNDA:45,(anonymous_2)
FNDA:34,(anonymous_3)
FNDA:2,(anonymous_4)
FNDA:34,(anonymous_5)
FNDA:15,(anonymous_6)
FNDA:30,(anonymous_7)
FNDA:16,(anonymous_8)
FNDA:7,(anonymous_9)
FNDA:4,(anonymous_10)
FNDA:7,(anonymous_11)
FNDA:1,(anonymous_12)
FNDA:6,(anonymous_13)
FNDA:5,(anonymous_14)
DA:1,1
DA:2,1
DA:3,1
DA:4,1
DA:5,1
DA:52,1
DA:53,1
DA:54,1
DA:55,1
DA:58,46
DA:59,46
DA:60,46
DA:62,46
DA:63,44
DA:64,44
DA:65,43
DA:68,1
DA:69,1
DA:74,45
DA:75,45
DA:79,34
DA:80,2
DA:82,34
DA:86,34
DA:90,15
DA:91,15
DA:93,15
DA:94,15
DA:95,15
DA:98,0
DA:99,0
DA:103,30
DA:104,0
DA:107,30
DA:108,30
DA:110,30
DA:111,30
DA:112,30
DA:114,30
DA:115,30
DA:116,27
DA:118,3
DA:119,3
DA:121,30
DA:126,16
DA:127,16
DA:129,15
DA:130,15
DA:132,15
DA:139,15
DA:140,14
DA:142,2
DA:143,2
DA:148,7
DA:149,7
DA:150,1
DA:153,6
DA:160,6
DA:161,6
DA:162,5
DA:164,2
DA:165,2
DA:170,4
DA:171,4
DA:172,1
DA:175,3
DA:182,3
DA:183,3
DA:184,2
DA:186,2
DA:187,2
DA:192,7
DA:193,7
DA:194,1
DA:197,6
DA:199,6
DA:200,1
DA:202,6
DA:206,6
DA:208,6
DA:209,6
DA:211,6
DA:219,5
DA:221,5
DA:223,2
DA:224,2
DA:229,6
DA:231,6
DA:232,6
DA:234,6
DA:235,5
DA:237,5
DA:238,1
DA:239,1
DA:242,4
DA:243,4
DA:245,4
DA:246,4
DA:247,3
DA:249,2
DA:250,2
DA:252,2
DA:258,2
DA:260,4
DA:263,3
DA:264,3
LF:106
LH:103
BRDA:62,0,0,44
BRDA:93,1,0,15
BRDA:103,2,0,0
BRDA:149,3,0,1
BRDA:171,4,0,1
BRDA:193,5,0,1
BRDA:202,6,0,1
BRDA:202,6,1,5
BRDA:237,7,0,1
BRDA:255,8,0,2
BRDA:255,8,1,1
BRF:11
BRH:10
end_of_record
